<?xml version="1.0" encoding="UTF-8"?>
<!-- Generated by org.testng.reporters.JUnitReportReporter -->
<testsuite hostname="DESKTOP-2H81BB2" failures="0" tests="1" name="runner.TestRunner" time="12.548" errors="0" timestamp="2025-08-22T13:47:28 IST" skipped="0">
  <testcase classname="runner.TestRunner" name="runScenario" time="12.548"/>
</testsuite> <!-- runner.TestRunner -->
